 --- OK.
 Match tree built with 320 nodes.

PDDL problem description loaded: 
	Domain: FLOOR-TILE
	Problem: P04-542
	#Actions: 320
	#Fluents: 124
Goals found: 20
Goals_Edges found: 20
Starting search with k-BFWS...
--[20 / 0]--
--[20 / 1]--
--[19 / 0]--
--[19 / 1]--
--[19 / 2]--
--[19 / 3]--
--[19 / 4]--
--[18 / 0]--
--[18 / 3]--
--[18 / 4]--
--[18 / 5]--
--[18 / 6]--
--[17 / 0]--
--[17 / 4]--
--[17 / 5]--
--[16 / 0]--
--[16 / 4]--
--[16 / 6]--
--[15 / 0]--
--[15 / 3]--
--[15 / 4]--
--[15 / 5]--
--[15 / 6]--
--[15 / 7]--
--[15 / 8]--
--[15 / 9]--
--[14 / 0]--
--[14 / 2]--
--[14 / 3]--
--[14 / 4]--
--[14 / 5]--
--[14 / 6]--
--[13 / 0]--
--[13 / 1]--
--[13 / 2]--
--[13 / 3]--
--[13 / 4]--
--[13 / 5]--
--[13 / 6]--
--[12 / 0]--
--[12 / 1]--
--[12 / 2]--
--[12 / 3]--
--[12 / 4]--
--[12 / 5]--
--[12 / 6]--
--[11 / 0]--
--[11 / 1]--
--[11 / 2]--
--[11 / 3]--
--[11 / 4]--
--[11 / 5]--
--[11 / 6]--
--[10 / 0]--
--[10 / 1]--
--[10 / 2]--
--[10 / 3]--
--[10 / 4]--
--[10 / 5]--
--[10 / 6]--
--[9 / 0]--
--[9 / 1]--
--[9 / 2]--
--[9 / 3]--
--[9 / 4]--
--[9 / 5]--
--[9 / 6]--
--[9 / 7]--
--[9 / 8]--
--[9 / 9]--
--[9 / 10]--
--[9 / 11]--
--[9 / 12]--
--[8 / 0]--
--[8 / 2]--
--[8 / 3]--
--[8 / 4]--
--[8 / 5]--
--[8 / 6]--
--[7 / 0]--
--[7 / 2]--
--[7 / 3]--
--[7 / 4]--
--[7 / 5]--
--[7 / 6]--
--[7 / 7]--
--[7 / 8]--
--[7 / 9]--
--[7 / 10]--
--[7 / 11]--
--[7 / 12]--
--[7 / 13]--
--[7 / 14]--
--[7 / 15]--
--[7 / 16]--
--[7 / 17]--
--[7 / 18]--
--[7 / 19]--
--[7 / 20]--
--[7 / 21]--
--[7 / 22]--
--[7 / 23]--
--[7 / 24]--
--[7 / 25]--
--[7 / 26]--
--[7 / 27]--
--[7 / 28]--
--[7 / 29]--
--[7 / 30]--
--[7 / 31]--
--[7 / 32]--
--[7 / 33]--
--[7 / 34]--
--[7 / 35]--
--[7 / 36]--
--[7 / 37]--
--[7 / 38]--
--[7 / 39]--
--[7 / 40]--
--[7 / 41]--
--[7 / 42]--
--[7 / 43]--
--[7 / 44]--
--[6 / 0]--
--[6 / 2]--
--[6 / 3]--
--[6 / 4]--
--[6 / 5]--
--[5 / 0]--
--[5 / 2]--
--[5 / 3]--
--[5 / 4]--
--[5 / 5]--
--[5 / 6]--
--[5 / 7]--
--[5 / 8]--
--[5 / 9]--
--[5 / 10]--
--[5 / 12]--
--[5 / 13]--
--[5 / 14]--
--[5 / 15]--
--[5 / 16]--
--[5 / 17]--
--[5 / 18]--
--[5 / 19]--
--[5 / 20]--
--[5 / 22]--
--[5 / 23]--
--[5 / 24]--
--[5 / 25]--
--[5 / 26]--
--[4 / 0]--
--[4 / 1]--
--[4 / 2]--
--[4 / 3]--
--[4 / 4]--
--[4 / 5]--
--[4 / 6]--
--[3 / 0]--
--[3 / 1]--
--[3 / 3]--
--[3 / 4]--
--[3 / 5]--
--[3 / 6]--
--[3 / 7]--
--[3 / 8]--
--[3 / 9]--
--[3 / 10]--
--[3 / 11]--
--[3 / 12]--
--[3 / 13]--
--[3 / 14]--
--[3 / 15]--
--[3 / 16]--
--[3 / 17]--
--[3 / 18]--
--[3 / 19]--
--[3 / 20]--
--[3 / 21]--
--[3 / 22]--
--[3 / 23]--
--[3 / 24]--
--[3 / 25]--
--[3 / 26]--
--[3 / 27]--
--[3 / 28]--
--[3 / 29]--
--[3 / 30]--
--[3 / 31]--
--[3 / 32]--
--[3 / 33]--
--[3 / 34]--
--[3 / 35]--
--[3 / 36]--
--[3 / 37]--
--[3 / 38]--
--[3 / 39]--
--[3 / 40]--
--[3 / 41]--
--[3 / 42]--
--[3 / 43]--
--[3 / 44]--
--[3 / 45]--
--[3 / 46]--
Total time: 33.5475
Nodes generated during search: 907873
Nodes expanded during search: 746816
Plan found with cost: NOTFOUND
Fast-BFS search completed in 33.5475 secs
Running BFWS parser
