 --- OK.
 Match tree built with 320 nodes.

PDDL problem description loaded: 
	Domain: FLOOR-TILE
	Problem: P01-542
	#Actions: 320
	#Fluents: 124
Goals found: 20
Goals_Edges found: 20
Starting search with k-BFWS...
--[20 / 0]--
--[20 / 1]--
--[19 / 0]--
--[19 / 2]--
--[18 / 0]--
--[18 / 2]--
--[18 / 3]--
--[17 / 0]--
--[17 / 1]--
--[17 / 2]--
--[17 / 3]--
--[17 / 4]--
--[17 / 5]--
--[16 / 0]--
--[16 / 1]--
--[16 / 2]--
--[16 / 3]--
--[16 / 4]--
--[16 / 5]--
--[16 / 6]--
--[15 / 0]--
--[15 / 1]--
--[15 / 2]--
--[15 / 3]--
--[15 / 4]--
--[15 / 5]--
--[15 / 6]--
--[14 / 0]--
--[14 / 1]--
--[14 / 2]--
--[14 / 3]--
--[14 / 4]--
--[14 / 5]--
--[14 / 6]--
--[13 / 0]--
--[13 / 1]--
--[13 / 2]--
--[13 / 3]--
--[13 / 4]--
--[13 / 5]--
--[12 / 0]--
--[12 / 1]--
--[12 / 2]--
--[12 / 3]--
--[12 / 4]--
--[12 / 5]--
--[12 / 6]--
--[11 / 0]--
--[11 / 1]--
--[11 / 2]--
--[11 / 3]--
--[11 / 4]--
--[11 / 5]--
--[10 / 0]--
--[10 / 1]--
--[10 / 2]--
--[10 / 3]--
--[10 / 4]--
--[10 / 5]--
--[10 / 6]--
--[9 / 0]--
--[9 / 1]--
--[9 / 2]--
--[9 / 3]--
--[9 / 4]--
--[9 / 5]--
--[9 / 6]--
--[9 / 7]--
--[9 / 8]--
--[8 / 0]--
--[8 / 3]--
--[8 / 4]--
--[8 / 5]--
--[8 / 6]--
--[7 / 0]--
--[7 / 3]--
--[7 / 4]--
--[7 / 5]--
--[7 / 6]--
--[7 / 7]--
--[7 / 8]--
--[7 / 9]--
--[7 / 10]--
--[7 / 11]--
--[7 / 12]--
--[7 / 13]--
--[7 / 14]--
--[7 / 15]--
--[7 / 16]--
--[7 / 17]--
--[7 / 18]--
--[7 / 19]--
--[7 / 20]--
--[7 / 21]--
--[7 / 22]--
--[7 / 23]--
--[6 / 0]--
--[6 / 2]--
--[6 / 3]--
--[6 / 4]--
--[6 / 5]--
--[6 / 6]--
--[5 / 0]--
--[5 / 2]--
--[5 / 3]--
--[5 / 4]--
--[5 / 5]--
--[5 / 6]--
--[5 / 7]--
--[5 / 8]--
--[5 / 9]--
--[5 / 10]--
--[5 / 11]--
--[5 / 13]--
--[5 / 14]--
--[5 / 15]--
--[5 / 16]--
--[5 / 17]--
--[5 / 18]--
--[5 / 19]--
--[5 / 20]--
--[5 / 21]--
--[5 / 22]--
--[5 / 23]--
--[5 / 24]--
--[5 / 25]--
--[5 / 26]--
--[5 / 27]--
--[5 / 28]--
--[5 / 29]--
--[5 / 30]--
--[5 / 31]--
--[5 / 32]--
--[5 / 33]--
--[5 / 34]--
--[5 / 35]--
--[5 / 36]--
--[5 / 37]--
--[5 / 38]--
--[5 / 39]--
--[5 / 40]--
--[5 / 41]--
--[5 / 42]--
Total time: 32.1981
Nodes generated during search: 889013
Nodes expanded during search: 739641
Plan found with cost: NOTFOUND
Fast-BFS search completed in 32.1981 secs
Running BFWS parser
