 --- OK.
 Match tree built with 192 nodes.

PDDL problem description loaded: 
	Domain: FLOOR-TILE
	Problem: P01-432
	#Actions: 192
	#Fluents: 79
Goals found: 12
Goals_Edges found: 12
Starting search with k-BFWS...
--[12 / 0]--
--[11 / 0]--
--[11 / 1]--
--[11 / 2]--
--[10 / 0]--
--[10 / 1]--
--[10 / 2]--
--[9 / 0]--
--[9 / 2]--
--[9 / 3]--
--[9 / 4]--
--[9 / 5]--
--[8 / 0]--
--[8 / 2]--
--[8 / 3]--
--[8 / 4]--
--[8 / 5]--
--[7 / 0]--
--[7 / 2]--
--[7 / 3]--
--[7 / 4]--
--[7 / 5]--
--[6 / 0]--
--[6 / 2]--
--[6 / 3]--
--[6 / 4]--
--[6 / 5]--
--[6 / 6]--
--[5 / 0]--
--[5 / 2]--
--[5 / 3]--
--[5 / 4]--
--[5 / 5]--
--[5 / 6]--
--[5 / 7]--
--[5 / 8]--
--[5 / 9]--
--[5 / 10]--
--[5 / 11]--
--[5 / 12]--
--[5 / 13]--
--[4 / 0]--
--[4 / 2]--
--[4 / 3]--
--[4 / 4]--
--[3 / 0]--
--[3 / 2]--
--[3 / 3]--
--[3 / 4]--
--[3 / 5]--
--[3 / 6]--
--[3 / 7]--
--[3 / 8]--
--[3 / 9]--
--[3 / 10]--
--[3 / 11]--
--[3 / 12]--
--[3 / 13]--
--[3 / 14]--
--[3 / 15]--
--[3 / 16]--
--[3 / 17]--
--[3 / 18]--
--[3 / 19]--
--[3 / 20]--
--[3 / 21]--
--[3 / 22]--
--[3 / 23]--
--[3 / 24]--
--[3 / 25]--
--[2 / 0]--
--[2 / 2]--
--[2 / 3]--
--[2 / 4]--
--[2 / 5]--
--[1 / 0]--
--[1 / 2]--
--[1 / 3]--
--[1 / 4]--
--[1 / 5]--
--[1 / 6]--
--[1 / 7]--
--[1 / 8]--
--[1 / 10]--
--[1 / 12]--
--[1 / 13]--
--[1 / 14]--
--[1 / 15]--
--[1 / 16]--
--[1 / 17]--
--[1 / 18]--
--[1 / 19]--
--[1 / 20]--
--[1 / 21]--
--[1 / 22]--
--[0 / 0]--
--[0 / 4]--
Total time: 1.58388
Nodes generated during search: 101878
Nodes expanded during search: 74754
Plan found with cost: 50
Fast-BFS search completed in 1.58388 secs
Running BFWS parser
