 --- OK.
 Match tree built with 480 nodes.

PDDL problem description loaded: 
	Domain: FLOOR-TILE
	Problem: P03-652
	#Actions: 480
	#Fluents: 179
Goals found: 30
Goals_Edges found: 30
Starting search with k-BFWS...
--[30 / 0]--
--[30 / 1]--
--[30 / 2]--
--[29 / 0]--
--[29 / 3]--
--[28 / 0]--
--[28 / 2]--
--[28 / 3]--
--[27 / 0]--
--[27 / 1]--
--[27 / 2]--
--[27 / 3]--
--[27 / 4]--
--[27 / 5]--
--[26 / 0]--
--[26 / 1]--
--[26 / 2]--
--[26 / 3]--
--[26 / 4]--
--[26 / 5]--
--[26 / 6]--
--[25 / 0]--
--[25 / 1]--
--[25 / 2]--
--[25 / 3]--
--[25 / 4]--
--[25 / 5]--
--[24 / 0]--
--[24 / 1]--
--[24 / 2]--
--[24 / 3]--
--[24 / 4]--
--[24 / 5]--
--[24 / 6]--
--[23 / 0]--
--[23 / 1]--
--[23 / 2]--
--[23 / 3]--
--[23 / 4]--
--[23 / 5]--
--[23 / 6]--
--[22 / 0]--
--[22 / 1]--
--[22 / 2]--
--[22 / 3]--
--[22 / 4]--
--[22 / 5]--
--[21 / 0]--
--[21 / 4]--
--[21 / 5]--
--[21 / 6]--
--[20 / 0]--
--[20 / 1]--
--[20 / 2]--
--[20 / 3]--
--[20 / 4]--
--[20 / 5]--
--[19 / 0]--
--[19 / 1]--
--[19 / 2]--
--[19 / 3]--
--[19 / 4]--
--[19 / 5]--
--[18 / 0]--
--[18 / 1]--
--[18 / 2]--
--[18 / 3]--
--[18 / 4]--
--[18 / 5]--
--[18 / 6]--
--[17 / 0]--
--[17 / 1]--
--[17 / 2]--
--[17 / 3]--
--[17 / 4]--
--[17 / 5]--
--[16 / 0]--
--[16 / 1]--
--[16 / 2]--
--[16 / 3]--
--[16 / 4]--
--[16 / 5]--
--[16 / 6]--
--[15 / 0]--
--[15 / 1]--
--[15 / 2]--
--[15 / 3]--
--[15 / 4]--
--[15 / 5]--
--[15 / 6]--
--[15 / 7]--
--[15 / 8]--
--[15 / 9]--
--[15 / 10]--
--[14 / 0]--
--[14 / 1]--
--[14 / 2]--
--[14 / 3]--
--[14 / 4]--
--[14 / 5]--
--[14 / 6]--
--[13 / 0]--
--[13 / 2]--
--[13 / 3]--
--[13 / 4]--
--[13 / 5]--
--[12 / 0]--
--[12 / 2]--
--[12 / 3]--
--[12 / 4]--
--[12 / 5]--
--[12 / 6]--
--[12 / 7]--
--[12 / 8]--
--[12 / 9]--
--[12 / 10]--
--[11 / 0]--
--[11 / 2]--
--[11 / 3]--
--[11 / 4]--
--[11 / 5]--
--[11 / 6]--
--[10 / 0]--
--[10 / 2]--
--[10 / 3]--
--[10 / 4]--
--[10 / 5]--
--[10 / 6]--
--[10 / 7]--
--[10 / 8]--
--[10 / 9]--
--[10 / 10]--
--[10 / 11]--
--[10 / 12]--
--[10 / 13]--
--[9 / 0]--
--[9 / 2]--
--[9 / 3]--
--[9 / 4]--
--[9 / 5]--
--[9 / 6]--
--[9 / 7]--
--[9 / 8]--
--[9 / 9]--
--[9 / 10]--
--[9 / 11]--
--[9 / 12]--
--[9 / 13]--
--[9 / 14]--
--[9 / 15]--
--[9 / 16]--
--[9 / 17]--
--[9 / 18]--
--[9 / 19]--
--[9 / 20]--
--[9 / 21]--
--[9 / 22]--
--[9 / 23]--
--[9 / 24]--
--[9 / 25]--
--[9 / 26]--
--[9 / 27]--
--[9 / 28]--
--[9 / 29]--
--[9 / 30]--
--[8 / 0]--
--[8 / 1]--
--[8 / 3]--
--[8 / 4]--
--[8 / 5]--
--[8 / 6]--
--[8 / 7]--
--[8 / 8]--
--[8 / 9]--
--[8 / 10]--
--[7 / 0]--
--[7 / 1]--
--[7 / 3]--
--[7 / 4]--
--[7 / 5]--
--[7 / 6]--
--[7 / 7]--
--[7 / 8]--
--[7 / 9]--
--[7 / 10]--
--[7 / 11]--
--[7 / 12]--
--[7 / 13]--
--[7 / 14]--
--[7 / 15]--
--[7 / 16]--
--[7 / 17]--
--[7 / 18]--
--[7 / 19]--
--[7 / 20]--
--[7 / 21]--
--[7 / 22]--
--[7 / 23]--
--[7 / 24]--
--[7 / 25]--
--[7 / 26]--
--[7 / 27]--
--[7 / 28]--
--[7 / 29]--
--[7 / 30]--
--[7 / 31]--
--[7 / 32]--
--[7 / 33]--
--[7 / 34]--
--[7 / 35]--
--[7 / 36]--
--[7 / 37]--
--[7 / 39]--
--[7 / 41]--
--[7 / 42]--
--[7 / 43]--
--[7 / 44]--
--[7 / 45]--
--[7 / 46]--
--[7 / 47]--
--[7 / 48]--
--[7 / 49]--
--[7 / 50]--
--[7 / 51]--
--[7 / 52]--
--[7 / 53]--
--[7 / 54]--
--[7 / 55]--
Total time: 269.607
Nodes generated during search: 4208326
Nodes expanded during search: 3545065
Plan found with cost: NOTFOUND
Fast-BFS search completed in 269.607 secs
Running BFWS parser
