 --- OK.
 Match tree built with 404 nodes.

PDDL problem description loaded: 
	Domain: FLOOR-TILE
	Problem: P01-642
	#Actions: 404
	#Fluents: 154
Goals found: 25
Goals_Edges found: 25
Starting search with k-BFWS...
--[25 / 0]--
--[25 / 1]--
--[24 / 0]--
--[24 / 1]--
--[24 / 2]--
--[24 / 3]--
--[24 / 4]--
--[23 / 0]--
--[23 / 4]--
--[22 / 0]--
--[22 / 2]--
--[22 / 3]--
--[22 / 4]--
--[22 / 5]--
--[22 / 6]--
--[21 / 0]--
--[21 / 2]--
--[21 / 3]--
--[21 / 4]--
--[21 / 5]--
--[21 / 6]--
--[20 / 0]--
--[20 / 2]--
--[20 / 3]--
--[20 / 4]--
--[20 / 5]--
--[20 / 6]--
--[19 / 0]--
--[19 / 2]--
--[19 / 3]--
--[19 / 4]--
--[19 / 5]--
--[19 / 6]--
--[18 / 0]--
--[18 / 2]--
--[18 / 3]--
--[18 / 4]--
--[18 / 5]--
--[17 / 0]--
--[17 / 1]--
--[17 / 2]--
--[17 / 3]--
--[17 / 4]--
--[17 / 5]--
--[17 / 6]--
--[16 / 0]--
--[16 / 1]--
--[16 / 2]--
--[16 / 3]--
--[16 / 4]--
--[16 / 5]--
--[16 / 6]--
--[15 / 0]--
--[15 / 1]--
--[15 / 2]--
--[15 / 3]--
--[15 / 4]--
--[15 / 5]--
--[14 / 0]--
--[14 / 1]--
--[14 / 2]--
--[14 / 3]--
--[14 / 4]--
--[14 / 5]--
--[14 / 6]--
--[13 / 0]--
--[13 / 1]--
--[13 / 2]--
--[13 / 3]--
--[13 / 4]--
--[13 / 5]--
--[13 / 6]--
--[12 / 0]--
--[12 / 1]--
--[12 / 2]--
--[12 / 3]--
--[12 / 4]--
--[12 / 5]--
--[12 / 6]--
--[12 / 7]--
--[12 / 8]--
--[12 / 9]--
--[12 / 10]--
--[12 / 11]--
--[12 / 12]--
--[12 / 13]--
--[12 / 14]--
--[11 / 0]--
--[11 / 1]--
--[11 / 2]--
--[11 / 3]--
--[11 / 4]--
--[11 / 5]--
--[11 / 6]--
--[11 / 7]--
--[11 / 8]--
--[10 / 0]--
--[10 / 3]--
--[10 / 4]--
--[10 / 5]--
--[10 / 6]--
--[10 / 7]--
--[10 / 8]--
--[10 / 9]--
--[10 / 10]--
--[9 / 0]--
--[9 / 3]--
--[9 / 4]--
--[9 / 5]--
--[9 / 6]--
--[9 / 7]--
--[9 / 8]--
--[9 / 9]--
--[9 / 10]--
--[9 / 11]--
--[9 / 12]--
--[9 / 13]--
--[9 / 14]--
--[9 / 15]--
--[9 / 16]--
--[9 / 17]--
--[9 / 18]--
--[9 / 19]--
--[9 / 20]--
--[9 / 21]--
--[9 / 22]--
--[9 / 23]--
--[9 / 24]--
--[9 / 25]--
--[9 / 26]--
--[9 / 27]--
--[9 / 28]--
--[9 / 29]--
--[9 / 30]--
--[8 / 0]--
--[8 / 3]--
--[8 / 4]--
--[8 / 5]--
--[8 / 6]--
--[8 / 7]--
--[8 / 8]--
--[8 / 9]--
--[8 / 10]--
--[7 / 0]--
--[7 / 3]--
--[7 / 4]--
--[7 / 5]--
--[7 / 6]--
--[7 / 7]--
--[7 / 8]--
--[7 / 9]--
--[7 / 10]--
--[7 / 11]--
--[7 / 12]--
--[7 / 13]--
--[7 / 14]--
--[7 / 15]--
--[7 / 16]--
--[7 / 17]--
--[7 / 18]--
--[7 / 19]--
--[7 / 20]--
--[7 / 21]--
--[7 / 22]--
--[7 / 23]--
--[7 / 24]--
--[7 / 25]--
--[7 / 26]--
--[7 / 27]--
--[7 / 28]--
--[7 / 29]--
--[7 / 30]--
--[7 / 31]--
--[7 / 32]--
--[7 / 33]--
--[7 / 34]--
--[7 / 35]--
--[7 / 36]--
--[7 / 37]--
--[7 / 38]--
--[7 / 39]--
--[7 / 40]--
--[7 / 41]--
--[7 / 42]--
--[7 / 43]--
--[7 / 44]--
--[7 / 45]--
--[7 / 46]--
--[7 / 47]--
--[6 / 0]--
--[6 / 1]--
--[6 / 2]--
--[6 / 3]--
--[6 / 4]--
--[6 / 5]--
--[6 / 6]--
--[6 / 7]--
--[6 / 8]--
--[5 / 0]--
--[5 / 2]--
--[5 / 3]--
--[5 / 4]--
--[5 / 5]--
--[5 / 6]--
--[5 / 7]--
--[5 / 8]--
--[5 / 9]--
--[5 / 10]--
--[5 / 11]--
--[5 / 12]--
--[5 / 13]--
--[5 / 14]--
--[5 / 15]--
--[5 / 16]--
--[5 / 17]--
--[5 / 18]--
--[5 / 19]--
--[5 / 20]--
--[5 / 21]--
--[5 / 22]--
--[5 / 23]--
--[5 / 24]--
--[5 / 25]--
--[5 / 26]--
--[5 / 27]--
--[5 / 28]--
--[5 / 29]--
--[5 / 30]--
--[5 / 31]--
--[5 / 32]--
--[5 / 33]--
--[5 / 34]--
--[5 / 35]--
--[5 / 36]--
--[5 / 37]--
--[5 / 38]--
--[5 / 39]--
--[5 / 40]--
--[5 / 41]--
--[5 / 42]--
--[5 / 43]--
--[5 / 44]--
--[5 / 45]--
--[5 / 46]--
--[5 / 47]--
--[5 / 48]--
--[5 / 49]--
--[5 / 50]--
--[5 / 51]--
--[5 / 52]--
--[5 / 53]--
--[5 / 54]--
--[5 / 55]--
--[5 / 56]--
Total time: 120.239
Nodes generated during search: 2423724
Nodes expanded during search: 2012387
Plan found with cost: NOTFOUND
Fast-BFS search completed in 120.239 secs
Running BFWS parser
