
ff: parsing domain file
domain 'GRID' defined
 ... done.
ff: parsing problem file
problem 'STRIPS-GRID-Y-3' defined
 ... done.



Cueing down from goal distance:   27 into depth [1][2]
                                  26            [1]
                                  25            [1][2][3]
                                  24            [1][2][3]
                                  23            [1][2][3][4][5][6][7]
                                  22            [1]
                                  21            [1][2][3][4][5]
                                  20            [1]
                                  19            [1]
                                  18            [1][2][3]
                                  16            [1][2]
                                  15            [1]
                                  14            [1]
                                  13            [1]
                                  12            [1][2][3][4][5]
                                  11            [1]
                                  10            [1]
                                   9            [1][2][3]
                                   8            [1][2][3][4][5]
                                   7            [1][2][3][4][5]
                                   6            [1]
                                   5            [1]
                                   4            [1]
                                   3            [1]
                                   2            [1]
                                   1            [1]
                                   0            

ff: found legal plan as follows

step    0: MOVE NODE3-4 NODE2-4
        1: MOVE NODE2-4 NODE1-4
        2: PICKUP NODE1-4 KEY0
        3: MOVE NODE1-4 NODE1-3
        4: MOVE NODE1-3 NODE1-2
        5: UNLOCK NODE1-2 NODE2-2 KEY0 DIAMOND
        6: MOVE NODE1-2 NODE2-2
        7: UNLOCK NODE2-2 NODE3-2 KEY0 DIAMOND
        8: MOVE NODE2-2 NODE1-2
        9: MOVE NODE1-2 NODE1-3
       10: MOVE NODE1-3 NODE1-4
       11: MOVE NODE1-4 NODE1-5
       12: MOVE NODE1-5 NODE0-5
       13: PUTDOWN NODE0-5 KEY0
       14: MOVE NODE0-5 NODE0-4
       15: MOVE NODE0-4 NODE1-4
       16: PICKUP NODE1-4 KEY9
       17: MOVE NODE1-4 NODE1-3
       18: MOVE NODE1-3 NODE1-2
       19: MOVE NODE1-2 NODE1-1
       20: MOVE NODE1-1 NODE1-0
       21: PUTDOWN NODE1-0 KEY9
       22: MOVE NODE1-0 NODE1-1
       23: MOVE NODE1-1 NODE1-2
       24: MOVE NODE1-2 NODE2-2
       25: PICKUP NODE2-2 KEY8
       26: UNLOCK NODE2-2 NODE2-3 KEY8 DIAMOND
       27: MOVE NODE2-2 NODE3-2
       28: PICKUP-AND-LOOSE NODE3-2 KEY2 KEY8
       29: MOVE NODE3-2 NODE2-2
       30: MOVE NODE2-2 NODE2-3
       31: MOVE NODE2-3 NODE2-4
       32: MOVE NODE2-4 NODE2-5
       33: MOVE NODE2-5 NODE1-5
       34: MOVE NODE1-5 NODE0-5
       35: PUTDOWN NODE0-5 KEY2
       36: MOVE NODE0-5 NODE0-6
       37: MOVE NODE0-6 NODE1-6
       38: MOVE NODE1-6 NODE2-6
       39: MOVE NODE2-6 NODE2-5
       40: MOVE NODE2-5 NODE2-4
       41: PICKUP NODE2-4 KEY1
       42: MOVE NODE2-4 NODE2-5
       43: MOVE NODE2-5 NODE2-6
       44: MOVE NODE2-6 NODE3-6
       45: MOVE NODE3-6 NODE4-6
       46: PUTDOWN NODE4-6 KEY1
       47: MOVE NODE4-6 NODE3-6
       48: MOVE NODE3-6 NODE2-6
       49: MOVE NODE2-6 NODE2-5
       50: MOVE NODE2-5 NODE2-4
       51: PICKUP NODE2-4 KEY4
       52: MOVE NODE2-4 NODE2-5
       53: MOVE NODE2-5 NODE2-6
       54: MOVE NODE2-6 NODE3-6
       55: MOVE NODE3-6 NODE4-6
       56: MOVE NODE4-6 NODE5-6
       57: PUTDOWN NODE5-6 KEY4
     

time spent:    0.00 seconds instantiating 7255 easy, 0 hard action templates
               0.00 seconds reachability analysis, yielding 659 facts and 7255 actions
               0.00 seconds creating final representation with 620 relevant facts
               0.00 seconds building connectivity graph
               0.04 seconds searching, evaluating 307 states, to a max depth of 7
               0.04 seconds total time

Running FF parser
