 --- OK.
 Match tree built with 480 nodes.

PDDL problem description loaded: 
	Domain: FLOOR-TILE
	Problem: P05-652
	#Actions: 480
	#Fluents: 179
Goals found: 30
Goals_Edges found: 30
Starting search with k-BFWS...
--[30 / 0]--
--[30 / 1]--
--[29 / 0]--
--[29 / 2]--
--[29 / 3]--
--[28 / 0]--
--[28 / 1]--
--[28 / 2]--
--[28 / 3]--
--[28 / 4]--
--[28 / 5]--
--[28 / 6]--
--[27 / 0]--
--[27 / 1]--
--[27 / 2]--
--[27 / 3]--
--[27 / 4]--
--[27 / 5]--
--[27 / 6]--
--[26 / 0]--
--[26 / 1]--
--[26 / 2]--
--[26 / 3]--
--[26 / 4]--
--[26 / 5]--
--[26 / 6]--
--[25 / 0]--
--[25 / 1]--
--[25 / 2]--
--[25 / 3]--
--[25 / 4]--
--[25 / 5]--
--[25 / 6]--
--[24 / 0]--
--[24 / 1]--
--[24 / 2]--
--[24 / 3]--
--[24 / 4]--
--[24 / 5]--
--[24 / 6]--
--[23 / 0]--
--[23 / 2]--
--[23 / 3]--
--[23 / 4]--
--[23 / 5]--
--[23 / 6]--
--[22 / 0]--
--[22 / 1]--
--[22 / 2]--
--[22 / 3]--
--[22 / 4]--
--[22 / 5]--
--[22 / 6]--
--[21 / 0]--
--[21 / 1]--
--[21 / 2]--
--[21 / 3]--
--[21 / 4]--
--[21 / 5]--
--[21 / 6]--
--[20 / 0]--
--[20 / 1]--
--[20 / 2]--
--[20 / 3]--
--[20 / 4]--
--[20 / 5]--
--[20 / 6]--
--[19 / 0]--
--[19 / 1]--
--[19 / 2]--
--[19 / 3]--
--[19 / 4]--
--[19 / 5]--
--[19 / 6]--
--[18 / 0]--
--[18 / 2]--
--[18 / 3]--
--[18 / 4]--
--[18 / 5]--
--[17 / 0]--
--[17 / 2]--
--[17 / 3]--
--[17 / 4]--
--[17 / 5]--
--[17 / 6]--
--[16 / 0]--
--[16 / 2]--
--[16 / 3]--
--[16 / 4]--
--[16 / 5]--
--[15 / 0]--
--[15 / 2]--
--[15 / 3]--
--[15 / 4]--
--[15 / 5]--
--[14 / 0]--
--[14 / 2]--
--[14 / 3]--
--[14 / 4]--
--[14 / 5]--
--[14 / 6]--
--[14 / 7]--
--[14 / 8]--
--[14 / 9]--
--[14 / 10]--
--[14 / 11]--
--[14 / 12]--
--[14 / 13]--
--[14 / 14]--
--[13 / 0]--
--[13 / 1]--
--[13 / 2]--
--[13 / 3]--
--[13 / 4]--
--[13 / 5]--
--[13 / 6]--
--[13 / 7]--
--[13 / 8]--
--[13 / 9]--
--[13 / 10]--
--[13 / 11]--
--[13 / 12]--
--[13 / 13]--
--[13 / 14]--
--[12 / 0]--
--[12 / 1]--
--[12 / 2]--
--[12 / 3]--
--[12 / 4]--
--[12 / 5]--
--[12 / 6]--
--[12 / 7]--
--[12 / 8]--
--[12 / 9]--
--[12 / 10]--
--[11 / 0]--
--[11 / 1]--
--[11 / 2]--
--[11 / 3]--
--[11 / 4]--
--[11 / 5]--
--[11 / 6]--
--[11 / 7]--
--[11 / 8]--
--[11 / 9]--
--[11 / 10]--
--[11 / 11]--
--[11 / 12]--
--[11 / 13]--
--[11 / 14]--
--[11 / 15]--
--[11 / 16]--
--[11 / 17]--
--[11 / 18]--
--[11 / 19]--
--[11 / 20]--
--[11 / 21]--
--[11 / 22]--
--[11 / 23]--
--[11 / 24]--
--[11 / 25]--
--[11 / 26]--
--[11 / 27]--
--[11 / 28]--
--[11 / 29]--
--[11 / 30]--
--[11 / 31]--
--[11 / 32]--
--[11 / 33]--
--[11 / 34]--
--[11 / 35]--
--[11 / 36]--
--[11 / 37]--
--[11 / 38]--
--[10 / 0]--
--[10 / 1]--
--[10 / 2]--
--[10 / 3]--
--[10 / 4]--
--[10 / 5]--
--[9 / 0]--
--[9 / 1]--
--[9 / 2]--
--[9 / 3]--
--[9 / 4]--
--[9 / 5]--
--[9 / 6]--
--[9 / 7]--
--[9 / 8]--
--[9 / 9]--
--[9 / 10]--
--[9 / 11]--
--[9 / 12]--
--[9 / 13]--
--[9 / 14]--
--[9 / 15]--
--[9 / 17]--
--[9 / 19]--
--[9 / 20]--
--[9 / 21]--
--[9 / 22]--
--[9 / 23]--
--[9 / 24]--
--[9 / 25]--
--[9 / 26]--
--[9 / 27]--
--[9 / 28]--
--[9 / 29]--
--[9 / 31]--
--[9 / 32]--
--[9 / 33]--
--[9 / 34]--
--[9 / 35]--
--[9 / 36]--
--[9 / 37]--
--[9 / 38]--
--[9 / 39]--
--[9 / 40]--
--[9 / 41]--
--[9 / 42]--
--[9 / 43]--
--[9 / 44]--
--[9 / 45]--
--[8 / 0]--
--[8 / 1]--
--[8 / 2]--
--[8 / 3]--
--[8 / 4]--
--[8 / 5]--
--[8 / 6]--
--[7 / 0]--
--[7 / 2]--
--[7 / 3]--
--[7 / 4]--
--[7 / 5]--
--[7 / 6]--
--[7 / 7]--
--[7 / 8]--
--[7 / 9]--
--[6 / 0]--
--[6 / 2]--
--[6 / 3]--
--[6 / 4]--
--[6 / 5]--
--[5 / 0]--
--[5 / 2]--
--[5 / 3]--
--[5 / 4]--
--[5 / 5]--
--[5 / 6]--
--[5 / 7]--
--[5 / 8]--
--[5 / 9]--
--[5 / 10]--
--[5 / 11]--
--[5 / 12]--
--[5 / 13]--
--[5 / 14]--
--[5 / 16]--
--[5 / 17]--
--[5 / 18]--
--[5 / 19]--
--[5 / 20]--
--[5 / 21]--
--[5 / 22]--
--[5 / 23]--
--[5 / 24]--
--[5 / 25]--
--[5 / 26]--
--[5 / 27]--
--[5 / 28]--
--[5 / 29]--
--[5 / 30]--
--[5 / 31]--
--[5 / 32]--
--[5 / 33]--
--[5 / 34]--
--[5 / 35]--
--[5 / 36]--
--[5 / 37]--
--[5 / 38]--
--[5 / 39]--
--[5 / 40]--
--[5 / 41]--
--[5 / 42]--
--[5 / 43]--
--[5 / 44]--
--[5 / 45]--
--[5 / 46]--
--[5 / 47]--
--[5 / 48]--
--[5 / 49]--
--[4 / 0]--
--[4 / 1]--
--[4 / 2]--
--[4 / 3]--
--[4 / 4]--
--[4 / 5]--
--[4 / 6]--
--[3 / 0]--
--[3 / 3]--
--[3 / 4]--
--[3 / 5]--
--[3 / 6]--
--[3 / 7]--
--[3 / 8]--
--[3 / 9]--
--[3 / 10]--
--[3 / 13]--
--[3 / 14]--
--[3 / 15]--
--[3 / 16]--
--[3 / 17]--
--[3 / 18]--
--[3 / 19]--
--[3 / 20]--
--[3 / 21]--
--[3 / 22]--
--[3 / 23]--
--[3 / 24]--
--[3 / 25]--
--[3 / 26]--
--[3 / 27]--
--[3 / 28]--
--[3 / 29]--
--[3 / 30]--
--[3 / 31]--
--[3 / 32]--
--[3 / 33]--
--[3 / 34]--
--[3 / 35]--
--[3 / 36]--
--[3 / 37]--
--[3 / 38]--
--[3 / 39]--
--[3 / 40]--
--[3 / 41]--
--[3 / 42]--
--[3 / 43]--
--[3 / 44]--
--[3 / 45]--
--[3 / 46]--
--[3 / 47]--
--[3 / 48]--
--[3 / 49]--
--[3 / 50]--
Total time: 282.29
Nodes generated during search: 4317937
Nodes expanded during search: 3636174
Plan found with cost: NOTFOUND
Fast-BFS search completed in 282.29 secs
Running BFWS parser
