
ff: parsing domain file
domain 'GRID' defined
 ... done.
ff: parsing problem file
problem 'STRIPS-GRID-Y-4' defined
 ... done.



Cueing down from goal distance:   31 into depth [1]
                                  28            [1]
                                  26            [1][2]
                                  25            [1][2][3][4]
                                  23            [1][2][3][4]
                                  22            [1]
                                  21            [1][2]
                                  20            [1][2][3][4]
                                  18            [1][2][3]
                                  17            [1]
                                  16            [1]
                                  15            [1]
                                  14            [1]
                                  13            [1][2][3][4][5][6][7][8][9][10][11]
                                  12            [1]
                                  11            [1]
                                  10            [1]
                                   9            [1]
                                   8            [1]
                                   7            [1]
                                   6            [1]
                                   5            [1]
                                   4            [1]
                                   3            [1]
                                   2            [1]
                                   1            [1]
                                   0            

ff: found legal plan as follows

step    0: MOVE NODE4-4 NODE3-4
        1: MOVE NODE3-4 NODE3-3
        2: MOVE NODE3-3 NODE2-3
        3: MOVE NODE2-3 NODE1-3
        4: MOVE NODE1-3 NODE0-3
        5: PICKUP NODE0-3 KEY3
        6: MOVE NODE0-3 NODE0-4
        7: MOVE NODE0-4 NODE1-4
        8: MOVE NODE1-4 NODE2-4
        9: MOVE NODE2-4 NODE2-3
       10: MOVE NODE2-3 NODE2-2
       11: MOVE NODE2-2 NODE2-1
       12: MOVE NODE2-1 NODE3-1
       13: MOVE NODE3-1 NODE4-1
       14: UNLOCK NODE4-1 NODE5-1 KEY3 SQUARE
       15: MOVE NODE4-1 NODE3-1
       16: MOVE NODE3-1 NODE3-0
       17: PUTDOWN NODE3-0 KEY3
       18: MOVE NODE3-0 NODE3-1
       19: MOVE NODE3-1 NODE4-1
       20: MOVE NODE4-1 NODE5-1
       21: PICKUP NODE5-1 KEY4
       22: MOVE NODE5-1 NODE4-1
       23: MOVE NODE4-1 NODE3-1
       24: MOVE NODE3-1 NODE2-1
       25: MOVE NODE2-1 NODE1-1
       26: MOVE NODE1-1 NODE1-2
       27: MOVE NODE1-2 NODE1-3
       28: MOVE NODE1-3 NODE1-4
       29: MOVE NODE1-4 NODE2-4
       30: MOVE NODE2-4 NODE3-4
       31: MOVE NODE3-4 NODE4-4
       32: MOVE NODE4-4 NODE5-4
       33: MOVE NODE5-4 NODE6-4
       34: PUTDOWN NODE6-4 KEY4
       35: MOVE NODE6-4 NODE6-5
       36: MOVE NODE6-5 NODE6-6
       37: MOVE NODE6-6 NODE5-6
       38: MOVE NODE5-6 NODE4-6
       39: MOVE NODE4-6 NODE3-6
       40: MOVE NODE3-6 NODE2-6
       41: MOVE NODE2-6 NODE1-6
       42: PICKUP NODE1-6 KEY0
       43: MOVE NODE1-6 NODE1-5
       44: MOVE NODE1-5 NODE1-4
       45: MOVE NODE1-4 NODE1-3
       46: MOVE NODE1-3 NODE1-2
       47: MOVE NODE1-2 NODE1-1
       48: PICKUP-AND-LOOSE NODE1-1 KEY9 KEY0
     

time spent:    0.00 seconds instantiating 11150 easy, 0 hard action templates
               0.00 seconds reachability analysis, yielding 917 facts and 11150 actions
               0.00 seconds creating final representation with 861 relevant facts
               0.00 seconds building connectivity graph
               0.03 seconds searching, evaluating 176 states, to a max depth of 11
               0.03 seconds total time

Running FF parser
