
ff: parsing domain file
domain 'GRID' defined
 ... done.
ff: parsing problem file
problem 'STRIPS-GRID-Y-2' defined
 ... done.



Cueing down from goal distance:   35 into depth [1]
                                  31            [1]
                                  25            [1]
                                  24            [1]
                                  23            [1][2][3][4][5]
                                  22            [1]
                                  21            [1][2]
                                  20            [1]
                                  18            [1][2]
                                  15            [1][2]
                                  14            [1]
                                  13            [1][2]
                                  12            [1][2]
                                  11            [1]
                                  10            [1][2]
                                   9            [1][2]
                                   7            [1][2][3][4][5][6]
                                   6            [1]
                                   5            [1]
                                   4            [1]
                                   3            [1]
                                   2            [1]
                                   1            [1]
                                   0            

ff: found legal plan as follows

step    0: MOVE NODE5-5 NODE4-5
        1: MOVE NODE4-5 NODE3-5
        2: MOVE NODE3-5 NODE2-5
        3: MOVE NODE2-5 NODE2-4
        4: MOVE NODE2-4 NODE1-4
        5: MOVE NODE1-4 NODE1-5
        6: PICKUP NODE1-5 KEY3
        7: MOVE NODE1-5 NODE0-5
        8: MOVE NODE0-5 NODE0-4
        9: MOVE NODE0-4 NODE0-3
       10: MOVE NODE0-3 NODE0-2
       11: MOVE NODE0-2 NODE1-2
       12: MOVE NODE1-2 NODE2-2
       13: MOVE NODE2-2 NODE2-1
       14: MOVE NODE2-1 NODE3-1
       15: UNLOCK NODE3-1 NODE3-2 KEY3 TRIANGLE
       16: MOVE NODE3-1 NODE4-1
       17: UNLOCK NODE4-1 NODE4-2 KEY3 TRIANGLE
       18: MOVE NODE4-1 NODE4-2
       19: UNLOCK NODE4-2 NODE4-3 KEY3 TRIANGLE
       20: MOVE NODE4-2 NODE4-3
       21: PICKUP-AND-LOOSE NODE4-3 KEY8 KEY3
       22: MOVE NODE4-3 NODE4-2
       23: MOVE NODE4-2 NODE3-2
       24: PUTDOWN NODE3-2 KEY8
       25: MOVE NODE3-2 NODE4-2
       26: MOVE NODE4-2 NODE4-1
       27: MOVE NODE4-1 NODE3-1
       28: MOVE NODE3-1 NODE2-1
       29: MOVE NODE2-1 NODE1-1
       30: MOVE NODE1-1 NODE0-1
       31: MOVE NODE0-1 NODE0-0
       32: PICKUP NODE0-0 KEY0
       33: MOVE NODE0-0 NODE1-0
       34: MOVE NODE1-0 NODE2-0
       35: MOVE NODE2-0 NODE3-0
       36: MOVE NODE3-0 NODE4-0
       37: MOVE NODE4-0 NODE4-1
       38: PUTDOWN NODE4-1 KEY0
     

time spent:    0.00 seconds instantiating 4500 easy, 0 hard action templates
               0.00 seconds reachability analysis, yielding 451 facts and 4500 actions
               0.00 seconds creating final representation with 423 relevant facts
               0.00 seconds building connectivity graph
               0.01 seconds searching, evaluating 80 states, to a max depth of 6
               0.01 seconds total time

Running FF parser
