
ff: parsing domain file
domain 'GRID' defined
 ... done.
ff: parsing problem file
problem 'STRIPS-GRID-Y-5' defined
 ... done.



Cueing down from goal distance:   73 into depth [1]
                                  71            [1]
                                  67            [1]
                                  65            [1]
                                  63            [1]
                                  62            [1][2][3]
                                  61            [1]
                                  60            [1]
                                  59            [1][2][3]
                                  52            [1][2][3]
                                  51            [1][2][3][4][5][6]
                                  50            [1]
                                  48            [1]
                                  47            [1][2][3]
                                  45            [1][2][3][4][5]
                                  44            [1][2][3][4]
                                  43            [1][2][3]
                                  40            [1][2][3][4][5]
                                  39            [1][2][3][4][5][6]
                                  38            [1][2][3][4][5]
                                  36            [1][2][3][4][5][6][7]
                                  35            [1][2][3][4][5][6][7][8]
                                  34            [1][2][3][4][5][6][7][8]
                                  33            [1][2][3][4][5][6][7][8][9]
                                  32            [1]
                                  31            [1][2]
                                  30            [1][2]
                                  29            [1][2]
                                  28            [1][2][3][4][5][6]
                                  26            [1][2][3][4]
                                  25            [1][2]
                                  24            [1][2][3][4][5][6][7][8][9][10][11][12]
                                  23            [1][2][3]
                                  22            [1][2][3][4]
                                  21            [1]
                                  19            [1][2][3][4]
                                  18            [1][2][3][4][5][6]
                                  17            [1]
                                  16            [1]
                                  15            [1][2][3][4][5][6][7][8][9][10][11][12]
                                  14            [1][2]
                                  13            [1]
                                  12            [1]
                                  11            [1]
                                  10            [1]
                                   9            [1]
                                   8            [1]
                                   7            [1]
                                   6            [1]
                                   5            [1]
                                   4            [1]
                                   3            [1]
                                   2            [1]
                                   1            [1]
                                   0            

ff: found legal plan as follows

step    0: MOVE NODE0-6 NODE1-6
        1: MOVE NODE1-6 NODE1-5
        2: MOVE NODE1-5 NODE1-4
        3: MOVE NODE1-4 NODE2-4
        4: PICKUP NODE2-4 KEY10
        5: MOVE NODE2-4 NODE2-3
        6: MOVE NODE2-3 NODE3-3
        7: MOVE NODE3-3 NODE4-3
        8: MOVE NODE4-3 NODE4-2
        9: MOVE NODE4-2 NODE4-1
       10: MOVE NODE4-1 NODE5-1
       11: MOVE NODE5-1 NODE6-1
       12: PUTDOWN NODE6-1 KEY10
       13: MOVE NODE6-1 NODE7-1
       14: MOVE NODE7-1 NODE8-1
       15: PICKUP NODE8-1 KEY3
       16: MOVE NODE8-1 NODE7-1
       17: MOVE NODE7-1 NODE6-1
       18: UNLOCK NODE6-1 NODE6-2 KEY3 CIRCLE
       19: MOVE NODE6-1 NODE5-1
       20: MOVE NODE5-1 NODE4-1
       21: UNLOCK NODE4-1 NODE3-1 KEY3 CIRCLE
       22: MOVE NODE4-1 NODE5-1
       23: MOVE NODE5-1 NODE6-1
       24: MOVE NODE6-1 NODE6-2
       25: UNLOCK NODE6-2 NODE5-2 KEY3 CIRCLE
       26: UNLOCK NODE6-2 NODE6-3 KEY3 CIRCLE
       27: MOVE NODE6-2 NODE5-2
       28: MOVE NODE5-2 NODE4-2
       29: MOVE NODE4-2 NODE4-3
       30: UNLOCK NODE4-3 NODE5-3 KEY3 CIRCLE
       31: MOVE NODE4-3 NODE5-3
       32: MOVE NODE5-3 NODE6-3
       33: UNLOCK NODE6-3 NODE7-3 KEY3 CIRCLE
       34: MOVE NODE6-3 NODE7-3
       35: PICKUP-AND-LOOSE NODE7-3 KEY4 KEY3
       36: MOVE NODE7-3 NODE6-3
       37: MOVE NODE6-3 NODE5-3
       38: MOVE NODE5-3 NODE5-2
       39: MOVE NODE5-2 NODE5-1
       40: MOVE NODE5-1 NODE5-0
       41: MOVE NODE5-0 NODE4-0
       42: UNLOCK NODE4-0 NODE3-0 KEY4 CIRCLE
       43: MOVE NODE4-0 NODE3-0
       44: UNLOCK NODE3-0 NODE2-0 KEY4 CIRCLE
       45: MOVE NODE3-0 NODE4-0
       46: MOVE NODE4-0 NODE5-0
       47: MOVE NODE5-0 NODE5-1
       48: MOVE NODE5-1 NODE4-1
       49: MOVE NODE4-1 NODE3-1
       50: UNLOCK NODE3-1 NODE2-1 KEY4 CIRCLE
       51: UNLOCK NODE3-1 NODE3-2 KEY4 CIRCLE
       52: MOVE NODE3-1 NODE3-0
       53: PUTDOWN NODE3-0 KEY4
       54: MOVE NODE3-0 NODE4-0
       55: MOVE NODE4-0 NODE5-0
       56: MOVE NODE5-0 NODE5-1
       57: MOVE NODE5-1 NODE5-2
       58: MOVE NODE5-2 NODE4-2
       59: MOVE NODE4-2 NODE4-3
       60: PICKUP NODE4-3 KEY11
       61: MOVE NODE4-3 NODE4-2
       62: MOVE NODE4-2 NODE5-2
       63: MOVE NODE5-2 NODE5-3
       64: MOVE NODE5-3 NODE6-3
       65: PICKUP-AND-LOOSE NODE6-3 KEY2 KEY11
       66: MOVE NODE6-3 NODE5-3
       67: MOVE NODE5-3 NODE5-2
       68: MOVE NODE5-2 NODE5-1
       69: MOVE NODE5-1 NODE5-0
       70: PUTDOWN NODE5-0 KEY2
       71: MOVE NODE5-0 NODE5-1
       72: MOVE NODE5-1 NODE5-2
       73: MOVE NODE5-2 NODE5-3
       74: MOVE NODE5-3 NODE6-3
       75: PICKUP NODE6-3 KEY11
       76: MOVE NODE6-3 NODE7-3
       77: MOVE NODE7-3 NODE8-3
       78: MOVE NODE8-3 NODE8-4
       79: MOVE NODE8-4 NODE8-5
       80: MOVE NODE8-5 NODE8-6
       81: MOVE NODE8-6 NODE8-7
       82: MOVE NODE8-7 NODE8-8
       83: MOVE NODE8-8 NODE7-8
       84: MOVE NODE7-8 NODE6-8
       85: MOVE NODE6-8 NODE5-8
       86: MOVE NODE5-8 NODE4-8
       87: MOVE NODE4-8 NODE3-8
       88: MOVE NODE3-8 NODE2-8
       89: PUTDOWN NODE2-8 KEY11
       90: MOVE NODE2-8 NODE3-8
       91: MOVE NODE3-8 NODE4-8
       92: MOVE NODE4-8 NODE5-8
       93: MOVE NODE5-8 NODE6-8
       94: MOVE NODE6-8 NODE7-8
       95: MOVE NODE7-8 NODE8-8
       96: PICKUP NODE8-8 KEY5
       97: MOVE NODE8-8 NODE7-8
       98: MOVE NODE7-8 NODE6-8
       99: MOVE NODE6-8 NODE5-8
      100: MOVE NODE5-8 NODE4-8
      101: MOVE NODE4-8 NODE3-8
      102: MOVE NODE3-8 NODE2-8
      103: PUTDOWN NODE2-8 KEY5
      104: MOVE NODE2-8 NODE3-8
      105: MOVE NODE3-8 NODE3-7
      106: MOVE NODE3-7 NODE3-6
      107: MOVE NODE3-6 NODE3-5
      108: MOVE NODE3-5 NODE3-4
      109: MOVE NODE3-4 NODE3-3
      110: MOVE NODE3-3 NODE3-2
      111: MOVE NODE3-2 NODE3-1
      112: MOVE NODE3-1 NODE2-1
      113: MOVE NODE2-1 NODE2-0
      114: MOVE NODE2-0 NODE1-0
      115: PICKUP NODE1-0 KEY9
      116: MOVE NODE1-0 NODE2-0
      117: MOVE NODE2-0 NODE2-1
      118: MOVE NODE2-1 NODE3-1
      119: MOVE NODE3-1 NODE3-2
      120: MOVE NODE3-2 NODE4-2
      121: MOVE NODE4-2 NODE4-3
      122: MOVE NODE4-3 NODE5-3
      123: MOVE NODE5-3 NODE6-3
      124: MOVE NODE6-3 NODE7-3
      125: MOVE NODE7-3 NODE8-3
      126: MOVE NODE8-3 NODE8-4
      127: MOVE NODE8-4 NODE8-5
      128: MOVE NODE8-5 NODE8-6
      129: PUTDOWN NODE8-6 KEY9
      130: MOVE NODE8-6 NODE8-7
      131: PICKUP NODE8-7 KEY0
      132: MOVE NODE8-7 NODE8-6
      133: MOVE NODE8-6 NODE8-5
      134: MOVE NODE8-5 NODE8-4
      135: MOVE NODE8-4 NODE8-3
      136: MOVE NODE8-3 NODE7-3
      137: MOVE NODE7-3 NODE6-3
      138: MOVE NODE6-3 NODE5-3
      139: MOVE NODE5-3 NODE4-3
      140: MOVE NODE4-3 NODE3-3
      141: MOVE NODE3-3 NODE3-2
      142: MOVE NODE3-2 NODE3-1
      143: MOVE NODE3-1 NODE2-1
      144: PUTDOWN NODE2-1 KEY0
     

time spent:    0.00 seconds instantiating 16239 easy, 0 hard action templates
               0.00 seconds reachability analysis, yielding 1249 facts and 16239 actions
               0.00 seconds creating final representation with 1188 relevant facts
               0.01 seconds building connectivity graph
               0.41 seconds searching, evaluating 922 states, to a max depth of 12
               0.42 seconds total time

Running FF parser
