INFO     Running translator.
INFO     translator stdin: None
INFO     translator time limit: 1799.99s
INFO     translator memory limit: 3584 MB
INFO     translator command line string: /home/harry/anaconda3/envs/python2/bin/python /home/harry/Desktop/planning/SPARKLE/lab/examples/data/lmcut/code-282538f969a9/builds/release/bin/translate/translate.py domain.pddl problem.pddl --sas-file output.sas
Parsing...
Parsing: [0.000s CPU, 0.002s wall-clock]
Normalizing task... [0.000s CPU, 0.000s wall-clock]
Instantiating...
Generating Datalog program... [0.000s CPU, 0.000s wall-clock]
Normalizing Datalog program...
Normalizing Datalog program: [0.010s CPU, 0.002s wall-clock]
Preparing model... [0.000s CPU, 0.001s wall-clock]
Generated 24 rules.
Computing model... [0.000s CPU, 0.002s wall-clock]
81 relevant atoms
60 auxiliary atoms
141 final queue length
180 total queue pushes
Completing instantiation... [0.000s CPU, 0.002s wall-clock]
Instantiating: [0.010s CPU, 0.007s wall-clock]
Computing fact groups...
Finding invariants...
10 initial candidates
Finding invariants: [0.000s CPU, 0.001s wall-clock]
Checking invariant weight... [0.000s CPU, 0.000s wall-clock]
Instantiating groups... [0.000s CPU, 0.000s wall-clock]
Collecting mutex groups... [0.000s CPU, 0.000s wall-clock]
Choosing groups...
0 uncovered facts
Choosing groups: [0.000s CPU, 0.000s wall-clock]
Building translation key... [0.000s CPU, 0.000s wall-clock]
Computing fact groups: [0.000s CPU, 0.002s wall-clock]
Building STRIPS to SAS dictionary... [0.000s CPU, 0.000s wall-clock]
Building dictionary for full mutex groups... [0.000s CPU, 0.000s wall-clock]
Building mutex information...
Building mutex information: [0.000s CPU, 0.000s wall-clock]
Translating task...
Processing axioms...
Simplifying axioms... [0.000s CPU, 0.000s wall-clock]
Processing axioms: [0.000s CPU, 0.000s wall-clock]
Translating task: [0.010s CPU, 0.002s wall-clock]
0 effect conditions simplified
0 implied preconditions added
Detecting unreachable propositions...
0 operators removed
0 axioms removed
3 propositions removed
Detecting unreachable propositions: [0.000s CPU, 0.001s wall-clock]
Reordering and filtering variables...
7 of 7 variables necessary.
4 of 7 mutex groups necessary.
34 of 34 operators necessary.
0 of 0 axiom rules necessary.
Reordering and filtering variables: [0.000s CPU, 0.000s wall-clock]
Translator variables: 7
Translator derived variables: 0
Translator facts: 24
Translator goal facts: 4
Translator mutex groups: 4
Translator total mutex groups size: 16
Translator operators: 34
Translator axioms: 0
Translator task size: 233
Translator peak memory: 57188 KB
Writing output... [0.000s CPU, 0.000s wall-clock]
Done! [0.020s CPU, 0.014s wall-clock]

translate exit code: 0
INFO     Running search (release).
INFO     search stdin: output.sas
INFO     search time limit: 1799.93s
INFO     search memory limit: 3584 MB
INFO     search command line string: /home/harry/Desktop/planning/SPARKLE/lab/examples/data/lmcut/code-282538f969a9/builds/release/bin/downward --search 'astar(blind())' --internal-plan-file sas_plan < output.sas
reading input... [t=1.803e-05s]
done reading input! [t=0.00020137s]
Initializing blind search heuristic...
Building successor generator...done! [t=0.00102437s]
peak memory difference for successor generator creation: 0 KB
time for successor generation creation: 2.034e-05s
Variables: 7
FactPairs: 24
Bytes per state: 4
Conducting best first search with reopening closed nodes, (real) bound = 2147483647
New best heuristic value for blind: 1
[g=0, 1 evaluated, 0 expanded, t=0.00111365s, 22144 KB]
f = 1 [1 evaluated, 0 expanded, t=0.00113365s, 22144 KB]
Initial heuristic value for blind: 1
pruning method: none
f = 2 [10 evaluated, 1 expanded, t=0.00118499s, 22144 KB]
f = 3 [30 evaluated, 10 expanded, t=0.00125432s, 22144 KB]
f = 4 [46 evaluated, 30 expanded, t=0.00130542s, 22144 KB]
f = 5 [74 evaluated, 46 expanded, t=0.00136344s, 22144 KB]
f = 6 [104 evaluated, 74 expanded, t=0.00142649s, 22144 KB]
f = 7 [134 evaluated, 104 expanded, t=0.00150438s, 22144 KB]
f = 8 [182 evaluated, 134 expanded, t=0.0015828s, 22144 KB]
f = 9 [218 evaluated, 182 expanded, t=0.00166285s, 22144 KB]
f = 10 [234 evaluated, 218 expanded, t=0.00172266s, 22144 KB]
f = 11 [246 evaluated, 234 expanded, t=0.0017618s, 22144 KB]
New best heuristic value for blind: 0
[g=11, 253 evaluated, 238 expanded, t=0.00179002s, 22144 KB]
Solution found!
Actual search time: 0.00064687s [t=0.00180925s]
pick ball1 rooma left (1)
pick ball2 rooma right (1)
move rooma roomb (1)
drop ball1 roomb left (1)
drop ball2 roomb right (1)
move roomb rooma (1)
pick ball3 rooma left (1)
pick ball4 rooma right (1)
move rooma roomb (1)
drop ball3 roomb left (1)
drop ball4 roomb right (1)
Plan length: 11 step(s).
Plan cost: 11
Expanded 239 state(s).
Reopened 0 state(s).
Evaluated 253 state(s).
Evaluations: 253
Generated 832 state(s).
Dead ends: 0 state(s).
Expanded until last jump: 234 state(s).
Reopened until last jump: 0 state(s).
Evaluated until last jump: 246 state(s).
Generated until last jump: 818 state(s).
Number of registered states: 253
Int hash set load factor: 253/256 = 0.988281
Int hash set resizes: 8
Search time: 0.00072217s
Total time: 0.00181156s
Solution found.
Peak memory: 22144 KB
Remove intermediate file output.sas

search exit code: 0
INFO     Running validate.
INFO     validate stdin: None
INFO     validate time limit: None
INFO     validate memory limit: None
INFO     validate command line string: validate domain.pddl problem.pddl sas_plan
Checking plan: sas_plan
Plan executed successfully - checking goal
Plan valid
Final value: 11 

Successful plans:
Value: 11
 sas_plan 11 


validate exit code: 0
Running exit code parser
Running translator parser
Running single search parser
Running planner parser
