INFO     Running translator.
INFO     translator stdin: None
INFO     translator time limit: 1799.99s
INFO     translator memory limit: 3584 MB
INFO     translator command line string: /home/harry/anaconda3/envs/python2/bin/python /home/harry/Desktop/planning/SPARKLE/lab/examples/data/lmcut/code-282538f969a9/builds/release/bin/translate/translate.py domain.pddl problem.pddl --sas-file output.sas
Parsing...
Parsing: [0.000s CPU, 0.003s wall-clock]
Normalizing task... [0.000s CPU, 0.000s wall-clock]
Instantiating...
Generating Datalog program... [0.000s CPU, 0.001s wall-clock]
Normalizing Datalog program...
Normalizing Datalog program: [0.010s CPU, 0.003s wall-clock]
Preparing model... [0.000s CPU, 0.002s wall-clock]
Generated 42 rules.
Computing model... [0.020s CPU, 0.020s wall-clock]
656 relevant atoms
824 auxiliary atoms
1480 final queue length
1929 total queue pushes
Completing instantiation... [0.020s CPU, 0.019s wall-clock]
Instantiating: [0.050s CPU, 0.045s wall-clock]
No relaxed solution! Generating unsolvable task...
Translator variables: 1
Translator derived variables: 0
Translator facts: 2
Translator goal facts: 1
Translator mutex groups: 0
Translator total mutex groups size: 0
Translator operators: 0
Translator axioms: 0
Translator task size: 4
Translator peak memory: 58444 KB
Writing output... [0.000s CPU, 0.000s wall-clock]
Done! [0.050s CPU, 0.049s wall-clock]

translate exit code: 0
INFO     Running search (release).
INFO     search stdin: output.sas
INFO     search time limit: 1799.93s
INFO     search memory limit: 3584 MB
INFO     search command line string: /home/harry/Desktop/planning/SPARKLE/lab/examples/data/lmcut/code-282538f969a9/builds/release/bin/downward --search 'astar(blind())' --internal-plan-file sas_plan < output.sas
reading input... [t=1.801e-05s]
done reading input! [t=6.293e-05s]
Initializing blind search heuristic...
Building successor generator...done! [t=0.00085414s]
peak memory difference for successor generator creation: 0 KB
time for successor generation creation: 3.26e-06s
Variables: 1
FactPairs: 2
Bytes per state: 4
Conducting best first search with reopening closed nodes, (real) bound = 2147483647
Initial state is a dead end.
Initial heuristic value for blind: infinity
pruning method: none
Completely explored state space -- no solution!
Actual search time: 2.07e-06s [t=0.00094554s]
Expanded 0 state(s).
Reopened 0 state(s).
Evaluated 1 state(s).
Evaluations: 1
Generated 0 state(s).
Dead ends: 0 state(s).
Number of registered states: 1
Int hash set load factor: 1/1 = 1
Int hash set resizes: 0
Search time: 3.083e-05s
Total time: 0.00094803s
Search stopped without finding a solution.
Peak memory: 22144 KB
Remove intermediate file output.sas

search exit code: 12
Driver aborting after search
Running exit code parser
Running translator parser
Running single search parser
Running planner parser
