 --- OK.
 Match tree built with 720 nodes.

PDDL problem description loaded: 
	Domain: FLOOR-TILE
	Problem: P04-653
	#Actions: 720
	#Fluents: 216
Goals found: 30
Goals_Edges found: 30
Starting search with k-BFWS...
--[30 / 0]--
--[30 / 1]--
--[29 / 0]--
--[29 / 1]--
--[29 / 2]--
--[28 / 0]--
--[28 / 1]--
--[28 / 2]--
--[27 / 0]--
--[27 / 1]--
--[27 / 2]--
--[27 / 3]--
--[26 / 0]--
--[26 / 1]--
--[26 / 2]--
--[26 / 3]--
--[26 / 4]--
--[26 / 5]--
--[26 / 6]--
--[25 / 0]--
--[25 / 1]--
--[25 / 2]--
--[25 / 3]--
--[25 / 4]--
--[25 / 5]--
--[25 / 6]--
--[24 / 0]--
--[24 / 1]--
--[24 / 2]--
--[24 / 3]--
--[24 / 4]--
--[24 / 5]--
--[24 / 6]--
--[23 / 0]--
--[23 / 1]--
--[23 / 2]--
--[23 / 3]--
--[23 / 4]--
--[23 / 5]--
--[22 / 0]--
--[22 / 1]--
--[22 / 2]--
--[22 / 3]--
--[22 / 4]--
--[22 / 5]--
--[22 / 6]--
--[21 / 0]--
--[21 / 1]--
--[21 / 2]--
--[21 / 3]--
--[21 / 4]--
--[21 / 5]--
--[21 / 6]--
--[20 / 0]--
--[20 / 1]--
--[20 / 2]--
--[20 / 3]--
--[20 / 4]--
--[20 / 5]--
--[20 / 6]--
--[19 / 0]--
--[19 / 1]--
--[19 / 2]--
--[19 / 3]--
--[19 / 4]--
--[19 / 5]--
--[19 / 6]--
--[19 / 7]--
--[19 / 8]--
--[19 / 9]--
--[19 / 10]--
--[19 / 11]--
--[19 / 12]--
--[19 / 13]--
--[19 / 14]--
--[18 / 0]--
--[18 / 1]--
--[18 / 2]--
--[18 / 3]--
--[18 / 4]--
--[18 / 5]--
--[18 / 6]--
--[18 / 7]--
--[18 / 8]--
--[18 / 9]--
--[18 / 10]--
--[17 / 0]--
--[17 / 1]--
--[17 / 2]--
--[17 / 3]--
--[17 / 4]--
--[17 / 5]--
--[17 / 6]--
--[17 / 7]--
--[17 / 8]--
--[17 / 9]--
--[17 / 10]--
--[17 / 11]--
--[17 / 12]--
--[17 / 13]--
--[17 / 14]--
--[17 / 15]--
--[17 / 16]--
--[17 / 17]--
--[17 / 18]--
--[17 / 19]--
--[17 / 20]--
--[17 / 21]--
--[17 / 22]--
--[17 / 23]--
--[17 / 24]--
--[17 / 25]--
--[17 / 26]--
--[17 / 27]--
--[17 / 28]--
--[17 / 29]--
--[17 / 30]--
--[17 / 31]--
--[17 / 32]--
--[17 / 33]--
--[17 / 34]--
--[17 / 35]--
--[16 / 0]--
--[16 / 1]--
--[16 / 2]--
--[16 / 3]--
--[16 / 4]--
--[16 / 5]--
--[15 / 0]--
--[15 / 1]--
--[15 / 2]--
--[15 / 3]--
--[15 / 4]--
--[15 / 5]--
--[15 / 6]--
--[14 / 0]--
--[14 / 1]--
--[14 / 2]--
--[14 / 3]--
--[14 / 4]--
--[14 / 5]--
--[14 / 6]--
--[14 / 7]--
--[14 / 8]--
--[13 / 0]--
--[13 / 1]--
--[13 / 2]--
--[13 / 3]--
--[13 / 4]--
--[13 / 5]--
--[13 / 6]--
--[13 / 7]--
--[13 / 8]--
--[13 / 9]--
--[13 / 10]--
--[13 / 11]--
--[13 / 12]--
--[13 / 13]--
--[13 / 14]--
--[13 / 15]--
--[13 / 16]--
--[13 / 17]--
--[13 / 18]--
--[13 / 19]--
--[13 / 20]--
--[13 / 21]--
--[13 / 22]--
--[13 / 23]--
--[13 / 24]--
--[13 / 25]--
--[13 / 26]--
--[13 / 27]--
--[13 / 28]--
--[13 / 29]--
--[13 / 30]--
--[13 / 31]--
--[13 / 32]--
--[13 / 33]--
--[13 / 34]--
--[13 / 35]--
--[13 / 36]--
--[13 / 37]--
--[13 / 38]--
--[13 / 39]--
--[13 / 40]--
--[13 / 41]--
--[13 / 42]--
--[12 / 0]--
--[12 / 1]--
--[12 / 2]--
--[12 / 3]--
--[12 / 4]--
--[12 / 5]--
--[12 / 6]--
--[11 / 0]--
--[11 / 1]--
--[11 / 2]--
--[11 / 3]--
--[11 / 4]--
--[11 / 5]--
--[11 / 6]--
--[11 / 7]--
--[11 / 8]--
--[10 / 0]--
--[10 / 1]--
--[10 / 2]--
--[10 / 3]--
--[10 / 4]--
--[10 / 5]--
--[10 / 6]--
--[10 / 7]--
--[10 / 8]--
--[10 / 9]--
--[10 / 10]--
--[9 / 0]--
--[9 / 1]--
--[9 / 2]--
--[9 / 3]--
--[9 / 4]--
--[9 / 5]--
--[9 / 6]--
--[9 / 7]--
--[9 / 8]--
--[9 / 9]--
--[9 / 10]--
--[9 / 11]--
--[9 / 12]--
--[9 / 13]--
--[9 / 14]--
--[9 / 15]--
--[9 / 16]--
--[9 / 17]--
--[9 / 18]--
--[9 / 19]--
--[9 / 20]--
--[9 / 21]--
--[9 / 22]--
--[9 / 23]--
--[9 / 24]--
--[9 / 25]--
--[9 / 26]--
--[9 / 27]--
--[9 / 28]--
--[9 / 29]--
--[9 / 30]--
--[9 / 31]--
--[9 / 32]--
--[9 / 33]--
--[9 / 34]--
--[9 / 35]--
--[9 / 36]--
--[9 / 37]--
--[9 / 38]--
--[9 / 39]--
--[9 / 40]--
--[9 / 41]--
--[9 / 42]--
--[9 / 43]--
--[9 / 44]--
--[9 / 45]--
--[9 / 46]--
--[9 / 47]--
--[9 / 48]--
--[8 / 0]--
--[8 / 1]--
--[8 / 2]--
--[8 / 3]--
--[8 / 4]--
--[8 / 5]--
--[8 / 6]--
--[7 / 0]--
--[7 / 1]--
--[7 / 2]--
--[7 / 3]--
--[7 / 4]--
--[7 / 5]--
--[7 / 6]--
--[7 / 7]--
--[7 / 8]--
--[7 / 9]--
--[7 / 10]--
--[7 / 11]--
--[7 / 12]--
--[7 / 13]--
--[7 / 14]--
--[7 / 15]--
--[7 / 16]--
--[7 / 20]--
--[7 / 21]--
--[7 / 22]--
--[7 / 23]--
--[7 / 24]--
--[7 / 25]--
--[7 / 26]--
--[7 / 27]--
--[7 / 28]--
--[7 / 29]--
--[7 / 30]--
--[7 / 31]--
--[7 / 32]--
--[7 / 33]--
--[7 / 34]--
--[7 / 35]--
--[7 / 36]--
--[7 / 37]--
--[7 / 38]--
--[7 / 39]--
--[7 / 40]--
--[7 / 41]--
--[7 / 42]--
--[7 / 43]--
--[7 / 44]--
--[7 / 45]--
--[7 / 46]--
--[7 / 47]--
--[7 / 48]--
--[7 / 49]--
--[7 / 50]--
--[7 / 51]--
--[7 / 52]--
--[7 / 53]--
--[7 / 54]--
Running BFWS parser
