 --- OK.
 Match tree built with 720 nodes.

PDDL problem description loaded: 
	Domain: FLOOR-TILE
	Problem: P05-653
	#Actions: 720
	#Fluents: 216
Goals found: 30
Goals_Edges found: 30
Starting search with k-BFWS...
--[30 / 0]--
--[30 / 1]--
--[30 / 2]--
--[29 / 0]--
--[29 / 3]--
--[28 / 0]--
--[28 / 1]--
--[28 / 2]--
--[28 / 3]--
--[27 / 0]--
--[27 / 1]--
--[27 / 2]--
--[27 / 3]--
--[26 / 0]--
--[26 / 1]--
--[26 / 2]--
--[26 / 3]--
--[26 / 4]--
--[26 / 5]--
--[25 / 0]--
--[25 / 1]--
--[25 / 2]--
--[25 / 3]--
--[25 / 4]--
--[25 / 5]--
--[25 / 6]--
--[24 / 0]--
--[24 / 1]--
--[24 / 2]--
--[24 / 3]--
--[24 / 4]--
--[24 / 5]--
--[23 / 0]--
--[23 / 1]--
--[23 / 2]--
--[23 / 3]--
--[23 / 4]--
--[23 / 5]--
--[22 / 0]--
--[22 / 1]--
--[22 / 2]--
--[22 / 3]--
--[22 / 4]--
--[22 / 5]--
--[21 / 0]--
--[21 / 1]--
--[21 / 2]--
--[21 / 3]--
--[21 / 4]--
--[21 / 5]--
--[21 / 6]--
--[20 / 0]--
--[20 / 2]--
--[20 / 3]--
--[20 / 4]--
--[20 / 5]--
--[20 / 6]--
--[19 / 0]--
--[19 / 1]--
--[19 / 2]--
--[19 / 3]--
--[19 / 4]--
--[19 / 5]--
--[19 / 6]--
--[18 / 0]--
--[18 / 1]--
--[18 / 2]--
--[18 / 3]--
--[18 / 4]--
--[18 / 5]--
--[18 / 6]--
--[17 / 0]--
--[17 / 2]--
--[17 / 3]--
--[17 / 4]--
--[17 / 5]--
--[17 / 6]--
--[17 / 7]--
--[17 / 8]--
--[17 / 9]--
--[16 / 0]--
--[16 / 2]--
--[16 / 3]--
--[16 / 4]--
--[16 / 5]--
--[16 / 6]--
--[15 / 0]--
--[15 / 2]--
--[15 / 3]--
--[15 / 4]--
--[15 / 5]--
--[15 / 6]--
--[14 / 0]--
--[14 / 2]--
--[14 / 3]--
--[14 / 4]--
--[14 / 5]--
--[14 / 6]--
--[13 / 0]--
--[13 / 2]--
--[13 / 3]--
--[13 / 4]--
--[13 / 5]--
--[13 / 6]--
--[12 / 0]--
--[12 / 2]--
--[12 / 3]--
--[12 / 4]--
--[12 / 5]--
--[12 / 6]--
--[12 / 7]--
--[12 / 8]--
--[12 / 9]--
--[12 / 10]--
--[12 / 11]--
--[12 / 12]--
--[12 / 13]--
--[11 / 0]--
--[11 / 1]--
--[11 / 2]--
--[11 / 3]--
--[11 / 4]--
--[11 / 5]--
--[11 / 6]--
--[11 / 7]--
--[11 / 8]--
--[11 / 9]--
--[11 / 10]--
--[10 / 0]--
--[10 / 2]--
--[10 / 3]--
--[10 / 4]--
--[10 / 5]--
--[10 / 6]--
--[10 / 7]--
--[10 / 8]--
--[10 / 9]--
--[10 / 10]--
--[10 / 11]--
--[10 / 12]--
--[10 / 13]--
--[10 / 15]--
--[10 / 16]--
--[10 / 18]--
--[10 / 19]--
--[10 / 20]--
--[10 / 21]--
--[10 / 22]--
--[10 / 23]--
--[10 / 24]--
--[10 / 25]--
--[10 / 26]--
--[10 / 27]--
--[10 / 28]--
--[10 / 29]--
--[10 / 30]--
--[10 / 32]--
--[10 / 33]--
--[10 / 34]--
--[10 / 35]--
--[10 / 36]--
--[10 / 37]--
--[10 / 38]--
--[10 / 39]--
--[10 / 40]--
--[10 / 41]--
--[9 / 0]--
--[9 / 1]--
--[9 / 2]--
--[9 / 3]--
--[9 / 4]--
--[9 / 5]--
--[9 / 6]--
--[9 / 7]--
--[9 / 8]--
--[9 / 9]--
--[9 / 10]--
--[9 / 11]--
--[9 / 12]--
--[9 / 13]--
--[9 / 14]--
--[9 / 15]--
--[9 / 16]--
--[9 / 17]--
--[9 / 18]--
--[9 / 19]--
--[9 / 22]--
--[9 / 23]--
--[9 / 24]--
--[9 / 25]--
--[9 / 26]--
--[9 / 27]--
--[9 / 28]--
--[9 / 29]--
--[9 / 30]--
--[9 / 31]--
--[9 / 32]--
--[9 / 33]--
--[9 / 34]--
--[9 / 35]--
--[9 / 36]--
--[9 / 37]--
--[9 / 38]--
--[9 / 39]--
--[9 / 40]--
--[9 / 41]--
--[9 / 42]--
--[9 / 43]--
--[9 / 44]--
--[9 / 45]--
--[9 / 46]--
--[9 / 47]--
--[9 / 48]--
--[9 / 49]--
--[8 / 0]--
--[8 / 1]--
--[8 / 2]--
--[8 / 3]--
--[8 / 4]--
--[8 / 5]--
--[7 / 0]--
--[7 / 1]--
--[7 / 2]--
--[7 / 3]--
--[7 / 4]--
--[7 / 5]--
--[7 / 6]--
--[7 / 7]--
--[7 / 8]--
--[7 / 9]--
--[7 / 10]--
--[7 / 11]--
--[7 / 12]--
--[7 / 13]--
--[7 / 14]--
--[7 / 15]--
--[7 / 16]--
--[7 / 17]--
--[7 / 18]--
--[7 / 19]--
--[7 / 20]--
--[7 / 21]--
--[7 / 22]--
--[7 / 23]--
--[7 / 24]--
--[7 / 25]--
--[7 / 26]--
--[7 / 27]--
--[7 / 28]--
--[7 / 29]--
--[7 / 32]--
--[7 / 33]--
--[7 / 34]--
--[7 / 35]--
--[7 / 36]--
--[7 / 37]--
--[7 / 38]--
--[7 / 39]--
--[7 / 40]--
--[7 / 41]--
--[7 / 42]--
--[7 / 43]--
--[7 / 44]--
--[7 / 45]--
--[7 / 46]--
--[7 / 47]--
--[7 / 48]--
--[7 / 49]--
--[7 / 50]--
--[7 / 51]--
Running BFWS parser
