INFO     Running translator.
INFO     translator stdin: None
INFO     translator time limit: 1799.99s
INFO     translator memory limit: 3584 MB
INFO     translator command line string: /home/harry/anaconda3/envs/python2/bin/python /home/harry/Desktop/planning/SPARKLE/lab/examples/data/lmcut/code-282538f969a9/builds/release/bin/translate/translate.py domain.pddl problem.pddl --sas-file output.sas
Parsing...
Parsing: [0.000s CPU, 0.003s wall-clock]
Normalizing task... [0.000s CPU, 0.000s wall-clock]
Instantiating...
Generating Datalog program... [0.000s CPU, 0.000s wall-clock]
Normalizing Datalog program...
Normalizing Datalog program: [0.000s CPU, 0.004s wall-clock]
Preparing model... [0.010s CPU, 0.002s wall-clock]
Generated 61 rules.
Computing model... [0.000s CPU, 0.006s wall-clock]
181 relevant atoms
255 auxiliary atoms
436 final queue length
594 total queue pushes
Completing instantiation... [0.010s CPU, 0.006s wall-clock]
Instantiating: [0.020s CPU, 0.019s wall-clock]
Computing fact groups...
Finding invariants...
16 initial candidates
Finding invariants: [0.010s CPU, 0.009s wall-clock]
Checking invariant weight... [0.000s CPU, 0.000s wall-clock]
Instantiating groups... [0.000s CPU, 0.001s wall-clock]
Collecting mutex groups... [0.000s CPU, 0.000s wall-clock]
Choosing groups...
14 uncovered facts
Choosing groups: [0.000s CPU, 0.000s wall-clock]
Building translation key... [0.000s CPU, 0.000s wall-clock]
Computing fact groups: [0.010s CPU, 0.012s wall-clock]
Building STRIPS to SAS dictionary... [0.000s CPU, 0.000s wall-clock]
Building dictionary for full mutex groups... [0.000s CPU, 0.000s wall-clock]
Building mutex information...
Building mutex information: [0.000s CPU, 0.000s wall-clock]
Translating task...
Processing axioms...
Simplifying axioms... [0.000s CPU, 0.000s wall-clock]
Processing axioms: [0.000s CPU, 0.000s wall-clock]
Translating task: [0.010s CPU, 0.006s wall-clock]
72 effect conditions simplified
0 implied preconditions added
Detecting unreachable propositions...
0 operators removed
0 axioms removed
18 propositions removed
Detecting unreachable propositions: [0.000s CPU, 0.003s wall-clock]
Reordering and filtering variables...
14 of 14 variables necessary.
10 of 14 mutex groups necessary.
72 of 72 operators necessary.
0 of 0 axiom rules necessary.
Reordering and filtering variables: [0.000s CPU, 0.001s wall-clock]
Translator variables: 14
Translator derived variables: 0
Translator facts: 48
Translator goal facts: 2
Translator mutex groups: 10
Translator total mutex groups size: 48
Translator operators: 72
Translator axioms: 0
Translator task size: 622
Translator peak memory: 57428 KB
Writing output... [0.000s CPU, 0.001s wall-clock]
Done! [0.040s CPU, 0.045s wall-clock]

translate exit code: 0
INFO     Running search (release).
INFO     search stdin: output.sas
INFO     search time limit: 1799.9s
INFO     search memory limit: 3584 MB
INFO     search command line string: /home/harry/Desktop/planning/SPARKLE/lab/examples/data/lmcut/code-282538f969a9/builds/release/bin/downward --search 'astar(blind())' --internal-plan-file sas_plan < output.sas
reading input... [t=1.825e-05s]
done reading input! [t=0.00041447s]
Initializing blind search heuristic...
Building successor generator...done! [t=0.00121499s]
peak memory difference for successor generator creation: 0 KB
time for successor generation creation: 3.472e-05s
Variables: 14
FactPairs: 48
Bytes per state: 4
Conducting best first search with reopening closed nodes, (real) bound = 2147483647
New best heuristic value for blind: 1
[g=0, 1 evaluated, 0 expanded, t=0.00130036s, 22144 KB]
f = 1 [1 evaluated, 0 expanded, t=0.00131924s, 22144 KB]
Initial heuristic value for blind: 1
pruning method: none
f = 2 [7 evaluated, 1 expanded, t=0.00135035s, 22144 KB]
f = 3 [21 evaluated, 7 expanded, t=0.00139049s, 22144 KB]
f = 4 [41 evaluated, 21 expanded, t=0.00144535s, 22144 KB]
f = 5 [70 evaluated, 41 expanded, t=0.00151532s, 22144 KB]
f = 6 [116 evaluated, 70 expanded, t=0.00160384s, 22144 KB]
f = 7 [177 evaluated, 116 expanded, t=0.00173604s, 22144 KB]
f = 8 [245 evaluated, 177 expanded, t=0.00189752s, 22144 KB]
f = 9 [319 evaluated, 245 expanded, t=0.00207993s, 22144 KB]
f = 10 [403 evaluated, 319 expanded, t=0.00225656s, 22144 KB]
New best heuristic value for blind: 0
[g=10, 485 evaluated, 399 expanded, t=0.00244103s, 22144 KB]
Solution found!
Actual search time: 0.00112045s [t=0.00246036s]
lift hoist0 crate1 pallet0 depot0 (1)
load hoist0 crate1 truck1 depot0 (1)
drive truck1 depot0 distributor0 (1)
lift hoist1 crate0 pallet1 distributor0 (1)
load hoist1 crate0 truck1 distributor0 (1)
unload hoist1 crate1 truck1 distributor0 (1)
drive truck1 distributor0 distributor1 (1)
unload hoist2 crate0 truck1 distributor1 (1)
drop hoist1 crate1 pallet1 distributor0 (1)
drop hoist2 crate0 pallet2 distributor1 (1)
Plan length: 10 step(s).
Plan cost: 10
Expanded 400 state(s).
Reopened 0 state(s).
Evaluated 485 state(s).
Evaluations: 485
Generated 2507 state(s).
Dead ends: 0 state(s).
Expanded until last jump: 319 state(s).
Reopened until last jump: 0 state(s).
Evaluated until last jump: 403 state(s).
Generated until last jump: 1998 state(s).
Number of registered states: 485
Int hash set load factor: 485/512 = 0.947266
Int hash set resizes: 9
Search time: 0.00118729s
Total time: 0.00246258s
Solution found.
Peak memory: 22144 KB
Remove intermediate file output.sas

search exit code: 0
INFO     Running validate.
INFO     validate stdin: None
INFO     validate time limit: None
INFO     validate memory limit: None
INFO     validate command line string: validate domain.pddl problem.pddl sas_plan
Checking plan: sas_plan
Plan executed successfully - checking goal
Plan valid
Final value: 10 

Successful plans:
Value: 10
 sas_plan 10 


validate exit code: 0
Running exit code parser
Running translator parser
Running single search parser
Running planner parser
